<?xml version="1.0" encoding="UTF-8"?>
<!-- Generated by org.testng.reporters.JUnitXMLReporter -->
<testsuite ignored="2" hostname="IMRAN" failures="1" tests="1" name="Test" time="8.401" errors="0" timestamp="2021-09-27T19:02:31 BDT">
  <testcase classname="title.TitleTest" name="VerifyTitle" time="8.381">
    <failure type="org.junit.ComparisonFailure" message="expected:&amp;lt;Coursera | [Build Skills with Online Courses from Top Institutions]&amp;gt; but was:&amp;lt;Coursera | [Online Courses &amp;amp; Credentials From Top Educators. Join for Free]&amp;gt;">
      <![CDATA[org.junit.ComparisonFailure: expected:<Coursera | [Build Skills with Online Courses from Top Institutions]> but was:<Coursera | [Online Courses & Credentials From Top Educators. Join for Free]>
at org.junit.Assert.assertEquals(Assert.java:117)
at org.junit.Assert.assertEquals(Assert.java:146)
at title.TitleTest.VerifyTitle(TitleTest.java:22)
at java.base/java.util.ArrayList.forEach(ArrayList.java:1511)
... Removed 27 stack frames]]>
    </failure>
  </testcase> <!-- VerifyTitle -->
  <testcase classname="base_class.DriverSetup" name="@AfterSuite close" time="0.0">
    <ignored/>
  </testcase> <!-- @AfterSuite close -->
  <testcase classname="base_class.DriverSetup" name="@BeforeSuite setDriver" time="0.0">
    <ignored/>
  </testcase> <!-- @BeforeSuite setDriver -->
</testsuite> <!-- Test -->
